<?xml version="1.0" encoding="UTF-8"?>
<!-- Generated by org.testng.reporters.JUnitReportReporter -->
<testsuite name="com.automation.testCases.LoginTestCase" tests="1" time="0.219" ignored="0" failures="0" timestamp="05 Apr 2020 17:20:47 GMT" skipped="0" hostname="MSI" errors="0">
  <testcase name="testLogin" time="0.219" classname="com.automation.testCases.LoginTestCase"/>
</testsuite> <!-- com.automation.testCases.LoginTestCase -->
